Info: Generated by version: 23.2 build 94
Info: Starting: Create block symbol file (.bsf)
Info: qsys-generate M:\slw\AGF027_Project_8_12_master112811\sim\rom_65536x64_L0.ip --block-symbol-file --output-directory=M:\slw\AGF027_Project_8_12_master112811\sim\rom_65536x64_L0 --family="Agilex 7" --part=AGFB027R25A2I2V
: rom_65536x64_L0.rom_1port_0: Targeting device family: Agilex 7.
: rom_65536x64_L0.rom_1port_0: In 'Mem Init' tab, the initial content of the memory must be specified for a ROM.
: rom_65536x64_L0.rom_1port_0: In 'Performance Optimization' tab, 'Timing/Power Optimization' feature is only supported for M20K ram block type.
Info: Finished: Create block symbol file (.bsf)
Info: 
Info: Starting: Create HDL design files for synthesis
Info: qsys-generate M:\slw\AGF027_Project_8_12_master112811\sim\rom_65536x64_L0.ip --synthesis=VERILOG --output-directory=M:\slw\AGF027_Project_8_12_master112811\sim\rom_65536x64_L0 --family="Agilex 7" --part=AGFB027R25A2I2V
: rom_65536x64_L0.rom_1port_0: Targeting device family: Agilex 7.
: rom_65536x64_L0.rom_1port_0: In 'Mem Init' tab, the initial content of the memory must be specified for a ROM.
: rom_65536x64_L0.rom_1port_0: In 'Performance Optimization' tab, 'Timing/Power Optimization' feature is only supported for M20K ram block type.
Info: rom_65536x64_L0: "Transforming system: rom_65536x64_L0"
Info: rom_65536x64_L0: "Naming system components in system: rom_65536x64_L0"
Info: rom_65536x64_L0: "Processing generation queue"
Info: rom_65536x64_L0: "Generating: rom_65536x64_L0"
Info: rom_65536x64_L0: "Generating: rom_65536x64_L0_rom_1port_2020_opruxui"
Info: rom_65536x64_L0: Done "rom_65536x64_L0" with 2 modules, 2 files
Info: Finished: Create HDL design files for synthesis
